<?xml version="1.0" encoding="UTF-8"?>
<testsuite xmlns:xsi="http://www.w3.org/2001/XMLSchema-instance" xsi:noNamespaceSchemaLocation="https://maven.apache.org/surefire/maven-surefire-plugin/xsd/surefire-test-report-3.0.xsd" version="3.0" name="com.example.cardapio.CardapioApplicationTests" time="9.464" tests="1" errors="0" skipped="0" failures="0">
  <properties>
    <property name="java.specification.version" value="22"/>
    <property name="sun.jnu.encoding" value="UTF-8"/>
    <property name="java.class.path" value="/home/alunos/a2482150/Downloads/cardapio/target/test-classes:/home/alunos/a2482150/Downloads/cardapio/target/classes:/home/alunos/a2482150/.m2/repository/org/springframework/boot/spring-boot-starter-web/3.2.5/spring-boot-starter-web-3.2.5.jar:/home/alunos/a2482150/.m2/repository/org/springframework/boot/spring-boot-starter/3.2.5/spring-boot-starter-3.2.5.jar:/home/alunos/a2482150/.m2/repository/org/springframework/boot/spring-boot-starter-logging/3.2.5/spring-boot-starter-logging-3.2.5.jar:/home/alunos/a2482150/.m2/repository/ch/qos/logback/logback-classic/1.4.14/logback-classic-1.4.14.jar:/home/alunos/a2482150/.m2/repository/ch/qos/logback/logback-core/1.4.14/logback-core-1.4.14.jar:/home/alunos/a2482150/.m2/repository/org/apache/logging/log4j/log4j-to-slf4j/2.21.1/log4j-to-slf4j-2.21.1.jar:/home/alunos/a2482150/.m2/repository/org/apache/logging/log4j/log4j-api/2.21.1/log4j-api-2.21.1.jar:/home/alunos/a2482150/.m2/repository/org/slf4j/jul-to-slf4j/2.0.13/jul-to-slf4j-2.0.13.jar:/home/alunos/a2482150/.m2/repository/jakarta/annotation/jakarta.annotation-api/2.1.1/jakarta.annotation-api-2.1.1.jar:/home/alunos/a2482150/.m2/repository/org/yaml/snakeyaml/2.2/snakeyaml-2.2.jar:/home/alunos/a2482150/.m2/repository/org/springframework/boot/spring-boot-starter-json/3.2.5/spring-boot-starter-json-3.2.5.jar:/home/alunos/a2482150/.m2/repository/com/fasterxml/jackson/core/jackson-databind/2.15.4/jackson-databind-2.15.4.jar:/home/alunos/a2482150/.m2/repository/com/fasterxml/jackson/core/jackson-annotations/2.15.4/jackson-annotations-2.15.4.jar:/home/alunos/a2482150/.m2/repository/com/fasterxml/jackson/core/jackson-core/2.15.4/jackson-core-2.15.4.jar:/home/alunos/a2482150/.m2/repository/com/fasterxml/jackson/datatype/jackson-datatype-jdk8/2.15.4/jackson-datatype-jdk8-2.15.4.jar:/home/alunos/a2482150/.m2/repository/com/fasterxml/jackson/datatype/jackson-datatype-jsr310/2.15.4/jackson-datatype-jsr310-2.15.4.jar:/home/alunos/a2482150/.m2/repository/com/fasterxml/jackson/module/jackson-module-parameter-names/2.15.4/jackson-module-parameter-names-2.15.4.jar:/home/alunos/a2482150/.m2/repository/org/springframework/boot/spring-boot-starter-tomcat/3.2.5/spring-boot-starter-tomcat-3.2.5.jar:/home/alunos/a2482150/.m2/repository/org/apache/tomcat/embed/tomcat-embed-core/10.1.20/tomcat-embed-core-10.1.20.jar:/home/alunos/a2482150/.m2/repository/org/apache/tomcat/embed/tomcat-embed-el/10.1.20/tomcat-embed-el-10.1.20.jar:/home/alunos/a2482150/.m2/repository/org/apache/tomcat/embed/tomcat-embed-websocket/10.1.20/tomcat-embed-websocket-10.1.20.jar:/home/alunos/a2482150/.m2/repository/org/springframework/spring-web/6.1.6/spring-web-6.1.6.jar:/home/alunos/a2482150/.m2/repository/org/springframework/spring-beans/6.1.6/spring-beans-6.1.6.jar:/home/alunos/a2482150/.m2/repository/io/micrometer/micrometer-observation/1.12.5/micrometer-observation-1.12.5.jar:/home/alunos/a2482150/.m2/repository/io/micrometer/micrometer-commons/1.12.5/micrometer-commons-1.12.5.jar:/home/alunos/a2482150/.m2/repository/org/springframework/spring-webmvc/6.1.6/spring-webmvc-6.1.6.jar:/home/alunos/a2482150/.m2/repository/org/springframework/spring-aop/6.1.6/spring-aop-6.1.6.jar:/home/alunos/a2482150/.m2/repository/org/springframework/spring-context/6.1.6/spring-context-6.1.6.jar:/home/alunos/a2482150/.m2/repository/org/springframework/spring-expression/6.1.6/spring-expression-6.1.6.jar:/home/alunos/a2482150/.m2/repository/org/springframework/boot/spring-boot-devtools/3.2.5/spring-boot-devtools-3.2.5.jar:/home/alunos/a2482150/.m2/repository/org/springframework/boot/spring-boot/3.2.5/spring-boot-3.2.5.jar:/home/alunos/a2482150/.m2/repository/org/springframework/boot/spring-boot-autoconfigure/3.2.5/spring-boot-autoconfigure-3.2.5.jar:/home/alunos/a2482150/.m2/repository/org/projectlombok/lombok/1.18.32/lombok-1.18.32.jar:/home/alunos/a2482150/.m2/repository/org/springframework/boot/spring-boot-starter-test/3.2.5/spring-boot-starter-test-3.2.5.jar:/home/alunos/a2482150/.m2/repository/org/springframework/boot/spring-boot-test/3.2.5/spring-boot-test-3.2.5.jar:/home/alunos/a2482150/.m2/repository/org/springframework/boot/spring-boot-test-autoconfigure/3.2.5/spring-boot-test-autoconfigure-3.2.5.jar:/home/alunos/a2482150/.m2/repository/com/jayway/jsonpath/json-path/2.9.0/json-path-2.9.0.jar:/home/alunos/a2482150/.m2/repository/org/slf4j/slf4j-api/2.0.13/slf4j-api-2.0.13.jar:/home/alunos/a2482150/.m2/repository/jakarta/xml/bind/jakarta.xml.bind-api/4.0.2/jakarta.xml.bind-api-4.0.2.jar:/home/alunos/a2482150/.m2/repository/jakarta/activation/jakarta.activation-api/2.1.3/jakarta.activation-api-2.1.3.jar:/home/alunos/a2482150/.m2/repository/net/minidev/json-smart/2.5.1/json-smart-2.5.1.jar:/home/alunos/a2482150/.m2/repository/net/minidev/accessors-smart/2.5.1/accessors-smart-2.5.1.jar:/home/alunos/a2482150/.m2/repository/org/ow2/asm/asm/9.6/asm-9.6.jar:/home/alunos/a2482150/.m2/repository/org/assertj/assertj-core/3.24.2/assertj-core-3.24.2.jar:/home/alunos/a2482150/.m2/repository/net/bytebuddy/byte-buddy/1.14.13/byte-buddy-1.14.13.jar:/home/alunos/a2482150/.m2/repository/org/awaitility/awaitility/4.2.1/awaitility-4.2.1.jar:/home/alunos/a2482150/.m2/repository/org/hamcrest/hamcrest/2.2/hamcrest-2.2.jar:/home/alunos/a2482150/.m2/repository/org/junit/jupiter/junit-jupiter/5.10.2/junit-jupiter-5.10.2.jar:/home/alunos/a2482150/.m2/repository/org/junit/jupiter/junit-jupiter-api/5.10.2/junit-jupiter-api-5.10.2.jar:/home/alunos/a2482150/.m2/repository/org/opentest4j/opentest4j/1.3.0/opentest4j-1.3.0.jar:/home/alunos/a2482150/.m2/repository/org/junit/platform/junit-platform-commons/1.10.2/junit-platform-commons-1.10.2.jar:/home/alunos/a2482150/.m2/repository/org/apiguardian/apiguardian-api/1.1.2/apiguardian-api-1.1.2.jar:/home/alunos/a2482150/.m2/repository/org/junit/jupiter/junit-jupiter-params/5.10.2/junit-jupiter-params-5.10.2.jar:/home/alunos/a2482150/.m2/repository/org/junit/jupiter/junit-jupiter-engine/5.10.2/junit-jupiter-engine-5.10.2.jar:/home/alunos/a2482150/.m2/repository/org/junit/platform/junit-platform-engine/1.10.2/junit-platform-engine-1.10.2.jar:/home/alunos/a2482150/.m2/repository/org/mockito/mockito-core/5.7.0/mockito-core-5.7.0.jar:/home/alunos/a2482150/.m2/repository/net/bytebuddy/byte-buddy-agent/1.14.13/byte-buddy-agent-1.14.13.jar:/home/alunos/a2482150/.m2/repository/org/objenesis/objenesis/3.3/objenesis-3.3.jar:/home/alunos/a2482150/.m2/repository/org/mockito/mockito-junit-jupiter/5.7.0/mockito-junit-jupiter-5.7.0.jar:/home/alunos/a2482150/.m2/repository/org/skyscreamer/jsonassert/1.5.1/jsonassert-1.5.1.jar:/home/alunos/a2482150/.m2/repository/com/vaadin/external/google/android-json/0.0.20131108.vaadin1/android-json-0.0.20131108.vaadin1.jar:/home/alunos/a2482150/.m2/repository/org/springframework/spring-core/6.1.6/spring-core-6.1.6.jar:/home/alunos/a2482150/.m2/repository/org/springframework/spring-jcl/6.1.6/spring-jcl-6.1.6.jar:/home/alunos/a2482150/.m2/repository/org/springframework/spring-test/6.1.6/spring-test-6.1.6.jar:/home/alunos/a2482150/.m2/repository/org/xmlunit/xmlunit-core/2.9.1/xmlunit-core-2.9.1.jar:"/>
    <property name="java.vm.vendor" value="Oracle Corporation"/>
    <property name="sun.arch.data.model" value="64"/>
    <property name="java.vendor.url" value="https://java.oracle.com/"/>
    <property name="user.timezone" value="America/Sao_Paulo"/>
    <property name="os.name" value="Linux"/>
    <property name="java.vm.specification.version" value="22"/>
    <property name="sun.java.launcher" value="SUN_STANDARD"/>
    <property name="user.country" value="BR"/>
    <property name="sun.boot.library.path" value="/home/alunos/a2482150/.jdks/openjdk-22.0.1/lib"/>
    <property name="sun.java.command" value="/home/alunos/a2482150/Downloads/cardapio/target/surefire/surefirebooter-20240424181533693_3.jar /home/alunos/a2482150/Downloads/cardapio/target/surefire 2024-04-24T18-15-29_717-jvmRun1 surefire-20240424181533693_1tmp surefire_0-20240424181533693_2tmp"/>
    <property name="jdk.debug" value="release"/>
    <property name="surefire.test.class.path" value="/home/alunos/a2482150/Downloads/cardapio/target/test-classes:/home/alunos/a2482150/Downloads/cardapio/target/classes:/home/alunos/a2482150/.m2/repository/org/springframework/boot/spring-boot-starter-web/3.2.5/spring-boot-starter-web-3.2.5.jar:/home/alunos/a2482150/.m2/repository/org/springframework/boot/spring-boot-starter/3.2.5/spring-boot-starter-3.2.5.jar:/home/alunos/a2482150/.m2/repository/org/springframework/boot/spring-boot-starter-logging/3.2.5/spring-boot-starter-logging-3.2.5.jar:/home/alunos/a2482150/.m2/repository/ch/qos/logback/logback-classic/1.4.14/logback-classic-1.4.14.jar:/home/alunos/a2482150/.m2/repository/ch/qos/logback/logback-core/1.4.14/logback-core-1.4.14.jar:/home/alunos/a2482150/.m2/repository/org/apache/logging/log4j/log4j-to-slf4j/2.21.1/log4j-to-slf4j-2.21.1.jar:/home/alunos/a2482150/.m2/repository/org/apache/logging/log4j/log4j-api/2.21.1/log4j-api-2.21.1.jar:/home/alunos/a2482150/.m2/repository/org/slf4j/jul-to-slf4j/2.0.13/jul-to-slf4j-2.0.13.jar:/home/alunos/a2482150/.m2/repository/jakarta/annotation/jakarta.annotation-api/2.1.1/jakarta.annotation-api-2.1.1.jar:/home/alunos/a2482150/.m2/repository/org/yaml/snakeyaml/2.2/snakeyaml-2.2.jar:/home/alunos/a2482150/.m2/repository/org/springframework/boot/spring-boot-starter-json/3.2.5/spring-boot-starter-json-3.2.5.jar:/home/alunos/a2482150/.m2/repository/com/fasterxml/jackson/core/jackson-databind/2.15.4/jackson-databind-2.15.4.jar:/home/alunos/a2482150/.m2/repository/com/fasterxml/jackson/core/jackson-annotations/2.15.4/jackson-annotations-2.15.4.jar:/home/alunos/a2482150/.m2/repository/com/fasterxml/jackson/core/jackson-core/2.15.4/jackson-core-2.15.4.jar:/home/alunos/a2482150/.m2/repository/com/fasterxml/jackson/datatype/jackson-datatype-jdk8/2.15.4/jackson-datatype-jdk8-2.15.4.jar:/home/alunos/a2482150/.m2/repository/com/fasterxml/jackson/datatype/jackson-datatype-jsr310/2.15.4/jackson-datatype-jsr310-2.15.4.jar:/home/alunos/a2482150/.m2/repository/com/fasterxml/jackson/module/jackson-module-parameter-names/2.15.4/jackson-module-parameter-names-2.15.4.jar:/home/alunos/a2482150/.m2/repository/org/springframework/boot/spring-boot-starter-tomcat/3.2.5/spring-boot-starter-tomcat-3.2.5.jar:/home/alunos/a2482150/.m2/repository/org/apache/tomcat/embed/tomcat-embed-core/10.1.20/tomcat-embed-core-10.1.20.jar:/home/alunos/a2482150/.m2/repository/org/apache/tomcat/embed/tomcat-embed-el/10.1.20/tomcat-embed-el-10.1.20.jar:/home/alunos/a2482150/.m2/repository/org/apache/tomcat/embed/tomcat-embed-websocket/10.1.20/tomcat-embed-websocket-10.1.20.jar:/home/alunos/a2482150/.m2/repository/org/springframework/spring-web/6.1.6/spring-web-6.1.6.jar:/home/alunos/a2482150/.m2/repository/org/springframework/spring-beans/6.1.6/spring-beans-6.1.6.jar:/home/alunos/a2482150/.m2/repository/io/micrometer/micrometer-observation/1.12.5/micrometer-observation-1.12.5.jar:/home/alunos/a2482150/.m2/repository/io/micrometer/micrometer-commons/1.12.5/micrometer-commons-1.12.5.jar:/home/alunos/a2482150/.m2/repository/org/springframework/spring-webmvc/6.1.6/spring-webmvc-6.1.6.jar:/home/alunos/a2482150/.m2/repository/org/springframework/spring-aop/6.1.6/spring-aop-6.1.6.jar:/home/alunos/a2482150/.m2/repository/org/springframework/spring-context/6.1.6/spring-context-6.1.6.jar:/home/alunos/a2482150/.m2/repository/org/springframework/spring-expression/6.1.6/spring-expression-6.1.6.jar:/home/alunos/a2482150/.m2/repository/org/springframework/boot/spring-boot-devtools/3.2.5/spring-boot-devtools-3.2.5.jar:/home/alunos/a2482150/.m2/repository/org/springframework/boot/spring-boot/3.2.5/spring-boot-3.2.5.jar:/home/alunos/a2482150/.m2/repository/org/springframework/boot/spring-boot-autoconfigure/3.2.5/spring-boot-autoconfigure-3.2.5.jar:/home/alunos/a2482150/.m2/repository/org/projectlombok/lombok/1.18.32/lombok-1.18.32.jar:/home/alunos/a2482150/.m2/repository/org/springframework/boot/spring-boot-starter-test/3.2.5/spring-boot-starter-test-3.2.5.jar:/home/alunos/a2482150/.m2/repository/org/springframework/boot/spring-boot-test/3.2.5/spring-boot-test-3.2.5.jar:/home/alunos/a2482150/.m2/repository/org/springframework/boot/spring-boot-test-autoconfigure/3.2.5/spring-boot-test-autoconfigure-3.2.5.jar:/home/alunos/a2482150/.m2/repository/com/jayway/jsonpath/json-path/2.9.0/json-path-2.9.0.jar:/home/alunos/a2482150/.m2/repository/org/slf4j/slf4j-api/2.0.13/slf4j-api-2.0.13.jar:/home/alunos/a2482150/.m2/repository/jakarta/xml/bind/jakarta.xml.bind-api/4.0.2/jakarta.xml.bind-api-4.0.2.jar:/home/alunos/a2482150/.m2/repository/jakarta/activation/jakarta.activation-api/2.1.3/jakarta.activation-api-2.1.3.jar:/home/alunos/a2482150/.m2/repository/net/minidev/json-smart/2.5.1/json-smart-2.5.1.jar:/home/alunos/a2482150/.m2/repository/net/minidev/accessors-smart/2.5.1/accessors-smart-2.5.1.jar:/home/alunos/a2482150/.m2/repository/org/ow2/asm/asm/9.6/asm-9.6.jar:/home/alunos/a2482150/.m2/repository/org/assertj/assertj-core/3.24.2/assertj-core-3.24.2.jar:/home/alunos/a2482150/.m2/repository/net/bytebuddy/byte-buddy/1.14.13/byte-buddy-1.14.13.jar:/home/alunos/a2482150/.m2/repository/org/awaitility/awaitility/4.2.1/awaitility-4.2.1.jar:/home/alunos/a2482150/.m2/repository/org/hamcrest/hamcrest/2.2/hamcrest-2.2.jar:/home/alunos/a2482150/.m2/repository/org/junit/jupiter/junit-jupiter/5.10.2/junit-jupiter-5.10.2.jar:/home/alunos/a2482150/.m2/repository/org/junit/jupiter/junit-jupiter-api/5.10.2/junit-jupiter-api-5.10.2.jar:/home/alunos/a2482150/.m2/repository/org/opentest4j/opentest4j/1.3.0/opentest4j-1.3.0.jar:/home/alunos/a2482150/.m2/repository/org/junit/platform/junit-platform-commons/1.10.2/junit-platform-commons-1.10.2.jar:/home/alunos/a2482150/.m2/repository/org/apiguardian/apiguardian-api/1.1.2/apiguardian-api-1.1.2.jar:/home/alunos/a2482150/.m2/repository/org/junit/jupiter/junit-jupiter-params/5.10.2/junit-jupiter-params-5.10.2.jar:/home/alunos/a2482150/.m2/repository/org/junit/jupiter/junit-jupiter-engine/5.10.2/junit-jupiter-engine-5.10.2.jar:/home/alunos/a2482150/.m2/repository/org/junit/platform/junit-platform-engine/1.10.2/junit-platform-engine-1.10.2.jar:/home/alunos/a2482150/.m2/repository/org/mockito/mockito-core/5.7.0/mockito-core-5.7.0.jar:/home/alunos/a2482150/.m2/repository/net/bytebuddy/byte-buddy-agent/1.14.13/byte-buddy-agent-1.14.13.jar:/home/alunos/a2482150/.m2/repository/org/objenesis/objenesis/3.3/objenesis-3.3.jar:/home/alunos/a2482150/.m2/repository/org/mockito/mockito-junit-jupiter/5.7.0/mockito-junit-jupiter-5.7.0.jar:/home/alunos/a2482150/.m2/repository/org/skyscreamer/jsonassert/1.5.1/jsonassert-1.5.1.jar:/home/alunos/a2482150/.m2/repository/com/vaadin/external/google/android-json/0.0.20131108.vaadin1/android-json-0.0.20131108.vaadin1.jar:/home/alunos/a2482150/.m2/repository/org/springframework/spring-core/6.1.6/spring-core-6.1.6.jar:/home/alunos/a2482150/.m2/repository/org/springframework/spring-jcl/6.1.6/spring-jcl-6.1.6.jar:/home/alunos/a2482150/.m2/repository/org/springframework/spring-test/6.1.6/spring-test-6.1.6.jar:/home/alunos/a2482150/.m2/repository/org/xmlunit/xmlunit-core/2.9.1/xmlunit-core-2.9.1.jar:"/>
    <property name="sun.cpu.endian" value="little"/>
    <property name="user.home" value="/home/alunos/a2482150"/>
    <property name="user.language" value="pt"/>
    <property name="java.specification.vendor" value="Oracle Corporation"/>
    <property name="java.version.date" value="2024-04-16"/>
    <property name="java.home" value="/home/alunos/a2482150/.jdks/openjdk-22.0.1"/>
    <property name="file.separator" value="/"/>
    <property name="basedir" value="/home/alunos/a2482150/Downloads/cardapio"/>
    <property name="java.vm.compressedOopsMode" value="32-bit"/>
    <property name="line.separator" value="&#10;"/>
    <property name="java.vm.specification.vendor" value="Oracle Corporation"/>
    <property name="java.specification.name" value="Java Platform API Specification"/>
    <property name="FILE_LOG_CHARSET" value="UTF-8"/>
    <property name="java.awt.headless" value="true"/>
    <property name="surefire.real.class.path" value="/home/alunos/a2482150/Downloads/cardapio/target/surefire/surefirebooter-20240424181533693_3.jar"/>
    <property name="sun.management.compiler" value="HotSpot 64-Bit Tiered Compilers"/>
    <property name="java.runtime.version" value="22.0.1+8-16"/>
    <property name="user.name" value="a2482150"/>
    <property name="stdout.encoding" value="UTF-8"/>
    <property name="path.separator" value=":"/>
    <property name="os.version" value="5.15.0-91-generic"/>
    <property name="java.runtime.name" value="OpenJDK Runtime Environment"/>
    <property name="file.encoding" value="UTF-8"/>
    <property name="java.vm.name" value="OpenJDK 64-Bit Server VM"/>
    <property name="localRepository" value="/home/alunos/a2482150/.m2/repository"/>
    <property name="java.vendor.url.bug" value="https://bugreport.java.com/bugreport/"/>
    <property name="java.io.tmpdir" value="/tmp"/>
    <property name="idea.version" value="2023.3.3"/>
    <property name="java.version" value="22.0.1"/>
    <property name="user.dir" value="/home/alunos/a2482150/Downloads/cardapio"/>
    <property name="os.arch" value="amd64"/>
    <property name="java.vm.specification.name" value="Java Virtual Machine Specification"/>
    <property name="PID" value="731"/>
    <property name="CONSOLE_LOG_CHARSET" value="UTF-8"/>
    <property name="native.encoding" value="UTF-8"/>
    <property name="java.library.path" value=":/usr/java/packages/lib:/usr/lib64:/lib64:/lib:/usr/lib"/>
    <property name="java.vm.info" value="mixed mode, sharing"/>
    <property name="stderr.encoding" value="UTF-8"/>
    <property name="java.vendor" value="Oracle Corporation"/>
    <property name="java.vm.version" value="22.0.1+8-16"/>
    <property name="sun.io.unicode.encoding" value="UnicodeLittle"/>
    <property name="java.class.version" value="66.0"/>
    <property name="LOGGED_APPLICATION_NAME" value="[cardapio] "/>
  </properties>
  <testcase name="contextLoads" classname="com.example.cardapio.CardapioApplicationTests" time="2.415">
    <system-out><![CDATA[18:15:36.824 [main] INFO org.springframework.test.context.support.AnnotationConfigContextLoaderUtils -- Could not detect default configuration classes for test class [com.example.cardapio.CardapioApplicationTests]: CardapioApplicationTests does not declare any static, non-private, non-final, nested classes annotated with @Configuration.
18:15:37.118 [main] INFO org.springframework.boot.test.context.SpringBootTestContextBootstrapper -- Found @SpringBootConfiguration com.example.cardapio.CardapioApplication for test class com.example.cardapio.CardapioApplicationTests
18:15:37.519 [main] INFO org.springframework.boot.devtools.restart.RestartApplicationListener -- Restart disabled due to context in which it is running

  .   ____          _            __ _ _
 /\\ / ___'_ __ _ _(_)_ __  __ _ \ \ \ \
( ( )\___ | '_ | '_| | '_ \/ _` | \ \ \ \
 \\/  ___)| |_)| | | | | || (_| |  ) ) ) )
  '  |____| .__|_| |_|_| |_\__, | / / / /
 =========|_|==============|___/=/_/_/_/
&amp#27;[32m :: Spring Boot :: &amp#27;[39m              &amp#27;[2m (v3.2.5)&amp#27;[0;39m

&amp#27;[2m2024-04-24T18:15:38.821-03:00&amp#27;[0;39m &amp#27;[32m INFO&amp#27;[0;39m &amp#27;[35m731&amp#27;[0;39m &amp#27;[2m---&amp#27;[0;39m &amp#27;[2m[cardapio] [           main]&amp#27;[0;39m &amp#27;[2m&amp#27;[0;39m&amp#27;[36mc.e.cardapio.CardapioApplicationTests   &amp#27;[0;39m &amp#27;[2m:&amp#27;[0;39m Starting CardapioApplicationTests using Java 22.0.1 with PID 731 (started by a2482150 in /home/alunos/a2482150/Downloads/cardapio)
&amp#27;[2m2024-04-24T18:15:38.833-03:00&amp#27;[0;39m &amp#27;[32m INFO&amp#27;[0;39m &amp#27;[35m731&amp#27;[0;39m &amp#27;[2m---&amp#27;[0;39m &amp#27;[2m[cardapio] [           main]&amp#27;[0;39m &amp#27;[2m&amp#27;[0;39m&amp#27;[36mc.e.cardapio.CardapioApplicationTests   &amp#27;[0;39m &amp#27;[2m:&amp#27;[0;39m No active profile set, falling back to 1 default profile: "default"
&amp#27;[2m2024-04-24T18:15:43.142-03:00&amp#27;[0;39m &amp#27;[32m INFO&amp#27;[0;39m &amp#27;[35m731&amp#27;[0;39m &amp#27;[2m---&amp#27;[0;39m &amp#27;[2m[cardapio] [           main]&amp#27;[0;39m &amp#27;[2m&amp#27;[0;39m&amp#27;[36mc.e.cardapio.CardapioApplicationTests   &amp#27;[0;39m &amp#27;[2m:&amp#27;[0;39m Started CardapioApplicationTests in 5.657 seconds (process running for 9.11)
]]></system-out>
    <system-err><![CDATA[WARNING: A Java agent has been loaded dynamically (/home/alunos/a2482150/.m2/repository/net/bytebuddy/byte-buddy-agent/1.14.13/byte-buddy-agent-1.14.13.jar)
WARNING: If a serviceability tool is in use, please run with -XX:+EnableDynamicAgentLoading to hide this warning
WARNING: If a serviceability tool is not in use, please run with -Djdk.instrument.traceUsage for more information
WARNING: Dynamic loading of agents will be disallowed by default in a future release
]]></system-err>
  </testcase>
</testsuite>